Using pre-set license
Built from '2020.3/staging' branch; Version is '2020.3.0f1 (c7b5465681fb) revision 13088070'; Using compiler version '192528614'; Build Type 'Release'
OS: 'Windows 10 Pro; OS build 19041.867; Version 2004; 64bit' Language: 'es' Physical Memory: 16252 MB
BatchMode: 1, IsHumanControllingUs: 0, StartBugReporterOnCrash: 0, Is64bit: 1, IsPro: 0

 COMMAND LINE ARGUMENTS:
C:\Program Files\Unity\Hub\Editor\2020.3.0f1\Editor\Unity.exe
-adb2
-batchMode
-noUpm
-name
AssetImportWorker0
-projectPath
D:/UPB/GitHubDesktopDefault/Fernandez_ProySonic_Infografia/ProjectUnity/try2
-logFile
Logs/AssetImportWorker0.log
-srvPort
55340
Successfully changed project path to: D:/UPB/GitHubDesktopDefault/Fernandez_ProySonic_Infografia/ProjectUnity/try2
D:/UPB/GitHubDesktopDefault/Fernandez_ProySonic_Infografia/ProjectUnity/try2
Using Asset Import Pipeline V2.
Refreshing native plugins compatible for Editor in 36.27 ms, found 0 plugins.
Preloading 0 native plugins for Editor in 0.00 ms.
Initialize engine version: 2020.3.0f1 (c7b5465681fb)
[Subsystems] Discovering subsystems at path C:/Program Files/Unity/Hub/Editor/2020.3.0f1/Editor/Data/Resources/UnitySubsystems
[Subsystems] Discovering subsystems at path D:/UPB/GitHubDesktopDefault/Fernandez_ProySonic_Infografia/ProjectUnity/try2/Assets
GfxDevice: creating device client; threaded=0
Direct3D:
    Version:  Direct3D 11.0 [level 11.0]
    Renderer: NVIDIA GeForce GTX 960M (ID=0x139b)
    Vendor:   
    VRAM:     2010 MB
    Driver:   27.21.14.5730
Initialize mono
Mono path[0] = 'C:/Program Files/Unity/Hub/Editor/2020.3.0f1/Editor/Data/Managed'
Mono path[1] = 'C:/Program Files/Unity/Hub/Editor/2020.3.0f1/Editor/Data/MonoBleedingEdge/lib/mono/unityjit'
Mono config path = 'C:/Program Files/Unity/Hub/Editor/2020.3.0f1/Editor/Data/MonoBleedingEdge/etc'
Using monoOptions --debugger-agent=transport=dt_socket,embedding=1,server=y,suspend=n,address=127.0.0.1:56496
Begin MonoManager ReloadAssembly
Registering precompiled unity dll's ...
Register platform support module: C:/Program Files/Unity/Hub/Editor/2020.3.0f1/Editor/Data/PlaybackEngines/WindowsStandaloneSupport/UnityEditor.WindowsStandalone.Extensions.dll
Registered in 0.003375 seconds.
Native extension for WindowsStandalone target not found
Refreshing native plugins compatible for Editor in 31.37 ms, found 0 plugins.
Preloading 0 native plugins for Editor in 0.00 ms.
Invoked RoslynAnalysisRunner static constructor.
RoslynAnalysisRunner will not be running.
RoslynAnalysisRunner has terminated.
Mono: successfully reloaded assembly
- Completed reload, in  1.899 seconds
Platform modules already initialized, skipping
Registering precompiled user dll's ...
Registered in 0.000642 seconds.
Begin MonoManager ReloadAssembly
Native extension for WindowsStandalone target not found
Refreshing native plugins compatible for Editor in 0.27 ms, found 0 plugins.
Preloading 0 native plugins for Editor in 0.00 ms.
Invoked RoslynAnalysisRunner static constructor.
RoslynAnalysisRunner will not be running.
RoslynAnalysisRunner has terminated.
Mono: successfully reloaded assembly
- Completed reload, in  1.419 seconds
Platform modules already initialized, skipping
========================================================================
Worker process is ready to serve import requests
Launched and connected shader compiler UnityShaderCompiler.exe after 0.07 seconds
Refreshing native plugins compatible for Editor in 0.39 ms, found 0 plugins.
Preloading 0 native plugins for Editor in 0.00 ms.
Unloading 1119 Unused Serialized files (Serialized files now loaded: 0)
System memory in use before: 76.6 MB.
System memory in use after: 76.6 MB.

Unloading 10 unused Assets to reduce memory usage. Loaded Objects now: 1579.
Total: 2.172300 ms (FindLiveObjects: 0.150100 ms CreateObjectMapping: 0.040800 ms MarkObjects: 1.844600 ms  DeleteObjects: 0.135700 ms)

========================================================================
Received Import Request.
  path: Assets/Scripts/AnimatorOverrider.cs
  artifactKey: Guid(5e1c5a6c935f83d40a1a26ccb2375ac8) Importer(815301076,1909f56bfc062723c751e8b465ee728b)
Start importing Assets/Scripts/AnimatorOverrider.cs using Guid(5e1c5a6c935f83d40a1a26ccb2375ac8) Importer(815301076,1909f56bfc062723c751e8b465ee728b)  -> (artifact id: '09fda6dcb8772a4322ac6f7167f808ba') in 0.053436 seconds
  Import took 0.055980 seconds .

========================================================================
Received Import Request.
  Time since last request: 27.781690 seconds.
  path: Assets/Swordsman/Animations/PlayerController.controller
  artifactKey: Guid(5b45d041b506da946ba161ef43316e97) Importer(815301076,1909f56bfc062723c751e8b465ee728b)
Start importing Assets/Swordsman/Animations/PlayerController.controller using Guid(5b45d041b506da946ba161ef43316e97) Importer(815301076,1909f56bfc062723c751e8b465ee728b)  -> (artifact id: '8154e20e8ce3e82315d35a85ada0ff95') in 0.038060 seconds
  Import took 0.041176 seconds .

========================================================================
Received Import Request.
  Time since last request: 62.158293 seconds.
  path: Assets/Swordsman/Animations/BasicMovementAnimation
  artifactKey: Guid(799cffae04c2dad4c8c8ae56bea298b5) Importer(815301076,1909f56bfc062723c751e8b465ee728b)
Start importing Assets/Swordsman/Animations/BasicMovementAnimation using Guid(799cffae04c2dad4c8c8ae56bea298b5) Importer(815301076,1909f56bfc062723c751e8b465ee728b)  -> (artifact id: 'a9038e8db32e68457a1add85682e3a4a') in 0.010435 seconds
  Import took 0.014217 seconds .

========================================================================
Received Import Request.
  Time since last request: 23.811118 seconds.
  path: Assets/Swordsman/Animations/OtherAnimations
  artifactKey: Guid(5b3d2b7983e91834ea1a4ca256caf37e) Importer(815301076,1909f56bfc062723c751e8b465ee728b)
Start importing Assets/Swordsman/Animations/OtherAnimations using Guid(5b3d2b7983e91834ea1a4ca256caf37e) Importer(815301076,1909f56bfc062723c751e8b465ee728b)  -> (artifact id: 'c2330c25d0afa3f35fc79071b99d50c8') in 0.016331 seconds
  Import took 0.019578 seconds .

========================================================================
Received Import Request.
  Time since last request: 6854.122864 seconds.
  path: Assets/Swordsman/Animations/BasicMovementAnimation/Sword and Shield Pack (1).zip
  artifactKey: Guid(8bd032e91adf45040a01a20351e6d223) Importer(815301076,1909f56bfc062723c751e8b465ee728b)
Start importing Assets/Swordsman/Animations/BasicMovementAnimation/Sword and Shield Pack (1).zip using Guid(8bd032e91adf45040a01a20351e6d223) Importer(815301076,1909f56bfc062723c751e8b465ee728b)  -> (artifact id: '937e021a3df7b8ba9ffac55891abcde1') in 0.022160 seconds
  Import took 0.025483 seconds .

========================================================================
Received Import Request.
  Time since last request: 470.806802 seconds.
  path: Assets/Swordsman/Animations/PlayerController.controller
  artifactKey: Guid(5b45d041b506da946ba161ef43316e97) Importer(815301076,1909f56bfc062723c751e8b465ee728b)
Start importing Assets/Swordsman/Animations/PlayerController.controller using Guid(5b45d041b506da946ba161ef43316e97) Importer(815301076,1909f56bfc062723c751e8b465ee728b)  -> (artifact id: '05deff32cea8d18066e49633608e7477') in 0.023380 seconds
  Import took 0.029251 seconds .

========================================================================
Received Import Request.
  Time since last request: 517.872891 seconds.
  path: Assets/Swordsman/Animations/PlayerController.controller
  artifactKey: Guid(5b45d041b506da946ba161ef43316e97) Importer(815301076,1909f56bfc062723c751e8b465ee728b)
Start importing Assets/Swordsman/Animations/PlayerController.controller using Guid(5b45d041b506da946ba161ef43316e97) Importer(815301076,1909f56bfc062723c751e8b465ee728b)  -> (artifact id: '93356ac15cb6cc7c38e0528d781dae7e') in 0.014834 seconds
  Import took 0.018993 seconds .

========================================================================
Received Prepare
Registering precompiled user dll's ...
Registered in 0.002549 seconds.
Begin MonoManager ReloadAssembly
Native extension for WindowsStandalone target not found
Refreshing native plugins compatible for Editor in 0.23 ms, found 0 plugins.
Preloading 0 native plugins for Editor in 0.00 ms.
Invoked RoslynAnalysisRunner static constructor.
RoslynAnalysisRunner will not be running.
RoslynAnalysisRunner has terminated.
Mono: successfully reloaded assembly
- Completed reload, in  1.409 seconds
Platform modules already initialized, skipping
Refreshing native plugins compatible for Editor in 0.23 ms, found 0 plugins.
Preloading 0 native plugins for Editor in 0.00 ms.
Unloading 1114 Unused Serialized files (Serialized files now loaded: 0)
System memory in use before: 76.5 MB.
System memory in use after: 76.6 MB.

Unloading 5 unused Assets to reduce memory usage. Loaded Objects now: 1582.
Total: 1.827700 ms (FindLiveObjects: 0.175000 ms CreateObjectMapping: 0.040700 ms MarkObjects: 1.536400 ms  DeleteObjects: 0.074500 ms)

AssetImportWorkerClient::OnTransportError - code=2 error=End of file
