Using pre-set license
Built from '2020.3/staging' branch; Version is '2020.3.0f1 (c7b5465681fb) revision 13088070'; Using compiler version '192528614'; Build Type 'Release'
OS: 'Windows 10 Pro; OS build 19041.867; Version 2004; 64bit' Language: 'es' Physical Memory: 16252 MB
BatchMode: 1, IsHumanControllingUs: 0, StartBugReporterOnCrash: 0, Is64bit: 1, IsPro: 0

 COMMAND LINE ARGUMENTS:
C:\Program Files\Unity\Hub\Editor\2020.3.0f1\Editor\Unity.exe
-adb2
-batchMode
-noUpm
-name
AssetImportWorker0
-projectPath
D:/UPB/GitHubDesktopDefault/Fernandez_ProySonic_Infografia/ProjectUnity/try2
-logFile
Logs/AssetImportWorker0.log
-srvPort
52925
Successfully changed project path to: D:/UPB/GitHubDesktopDefault/Fernandez_ProySonic_Infografia/ProjectUnity/try2
D:/UPB/GitHubDesktopDefault/Fernandez_ProySonic_Infografia/ProjectUnity/try2
Using Asset Import Pipeline V2.
Refreshing native plugins compatible for Editor in 26.47 ms, found 0 plugins.
Preloading 0 native plugins for Editor in 0.00 ms.
Initialize engine version: 2020.3.0f1 (c7b5465681fb)
[Subsystems] Discovering subsystems at path C:/Program Files/Unity/Hub/Editor/2020.3.0f1/Editor/Data/Resources/UnitySubsystems
[Subsystems] Discovering subsystems at path D:/UPB/GitHubDesktopDefault/Fernandez_ProySonic_Infografia/ProjectUnity/try2/Assets
GfxDevice: creating device client; threaded=0
Direct3D:
    Version:  Direct3D 11.0 [level 11.0]
    Renderer: NVIDIA GeForce GTX 960M (ID=0x139b)
    Vendor:   
    VRAM:     2010 MB
    Driver:   27.21.14.5730
Initialize mono
Mono path[0] = 'C:/Program Files/Unity/Hub/Editor/2020.3.0f1/Editor/Data/Managed'
Mono path[1] = 'C:/Program Files/Unity/Hub/Editor/2020.3.0f1/Editor/Data/MonoBleedingEdge/lib/mono/unityjit'
Mono config path = 'C:/Program Files/Unity/Hub/Editor/2020.3.0f1/Editor/Data/MonoBleedingEdge/etc'
Using monoOptions --debugger-agent=transport=dt_socket,embedding=1,server=y,suspend=n,address=127.0.0.1:56976
Begin MonoManager ReloadAssembly
Registering precompiled unity dll's ...
Register platform support module: C:/Program Files/Unity/Hub/Editor/2020.3.0f1/Editor/Data/PlaybackEngines/WindowsStandaloneSupport/UnityEditor.WindowsStandalone.Extensions.dll
Registered in 0.097226 seconds.
Native extension for WindowsStandalone target not found
Refreshing native plugins compatible for Editor in 27.40 ms, found 0 plugins.
Preloading 0 native plugins for Editor in 0.00 ms.
Invoked RoslynAnalysisRunner static constructor.
RoslynAnalysisRunner will not be running.
RoslynAnalysisRunner has terminated.
Mono: successfully reloaded assembly
- Completed reload, in  3.956 seconds
Platform modules already initialized, skipping
Registering precompiled user dll's ...
Registered in 0.040006 seconds.
Begin MonoManager ReloadAssembly
Native extension for WindowsStandalone target not found
Refreshing native plugins compatible for Editor in 0.21 ms, found 0 plugins.
Preloading 0 native plugins for Editor in 0.00 ms.
Invoked RoslynAnalysisRunner static constructor.
RoslynAnalysisRunner will not be running.
RoslynAnalysisRunner has terminated.
Mono: successfully reloaded assembly
- Completed reload, in  2.605 seconds
Platform modules already initialized, skipping
========================================================================
Worker process is ready to serve import requests
Launched and connected shader compiler UnityShaderCompiler.exe after 0.13 seconds
Refreshing native plugins compatible for Editor in 0.21 ms, found 0 plugins.
Preloading 0 native plugins for Editor in 0.00 ms.
Unloading 1113 Unused Serialized files (Serialized files now loaded: 0)
System memory in use before: 57.3 MB.
System memory in use after: 57.3 MB.

Unloading 10 unused Assets to reduce memory usage. Loaded Objects now: 1555.
Total: 5.755000 ms (FindLiveObjects: 0.412400 ms CreateObjectMapping: 0.121700 ms MarkObjects: 4.953200 ms  DeleteObjects: 0.263400 ms)

========================================================================
Received Import Request.
  path: Assets/Swordsman/Animations/runback.fbx
  artifactKey: Guid(440e6d1037396354fbbb3ce402a24780) Importer(815301076,1909f56bfc062723c751e8b465ee728b)
Start importing Assets/Swordsman/Animations/runback.fbx using Guid(440e6d1037396354fbbb3ce402a24780) Importer(815301076,1909f56bfc062723c751e8b465ee728b)  -> (artifact id: 'c2c69f3b9fb4ffc590fb02b467e395b1') in 0.205875 seconds
  Import took 0.210053 seconds .

========================================================================
Received Import Request.
  Time since last request: 0.000272 seconds.
  path: Assets/Swordsman/Animations/walkback.fbx
  artifactKey: Guid(ec6cb7cc6b4f1fb4fa3a191db010d0ce) Importer(815301076,1909f56bfc062723c751e8b465ee728b)
Start importing Assets/Swordsman/Animations/walkback.fbx using Guid(ec6cb7cc6b4f1fb4fa3a191db010d0ce) Importer(815301076,1909f56bfc062723c751e8b465ee728b)  -> (artifact id: '10161f5f72a6fd9c0b253b3f069489c0') in 0.016645 seconds
  Import took 0.019240 seconds .

========================================================================
Received Import Request.
  Time since last request: 466.149101 seconds.
  path: Assets/Swordsman/Animations/sword and shield turn (2).fbx
  artifactKey: Guid(cbec006b0ff41064da4a434fc79004ed) Importer(815301076,1909f56bfc062723c751e8b465ee728b)
Start importing Assets/Swordsman/Animations/sword and shield turn (2).fbx using Guid(cbec006b0ff41064da4a434fc79004ed) Importer(815301076,1909f56bfc062723c751e8b465ee728b)  -> (artifact id: '065d093eb230edbddf043281e4e9343b') in 0.051389 seconds
  Import took 0.056905 seconds .

========================================================================
Received Import Request.
  Time since last request: 0.000395 seconds.
  path: Assets/Swordsman/Animations/sword and shield turn.fbx
  artifactKey: Guid(3d9e18d4500c07f46af7f424516c2ffb) Importer(815301076,1909f56bfc062723c751e8b465ee728b)
Start importing Assets/Swordsman/Animations/sword and shield turn.fbx using Guid(3d9e18d4500c07f46af7f424516c2ffb) Importer(815301076,1909f56bfc062723c751e8b465ee728b)  -> (artifact id: '25cb65c894d0162483e8c2ed267596cf') in 0.014657 seconds
  Import took 0.019691 seconds .

========================================================================
Received Import Request.
  Time since last request: 3926.661972 seconds.
  path: Assets/Swordsman/Animations/turn left.fbx
  artifactKey: Guid(922174651576fb04eac5b4668b531cb9) Importer(815301076,1909f56bfc062723c751e8b465ee728b)
Start importing Assets/Swordsman/Animations/turn left.fbx using Guid(922174651576fb04eac5b4668b531cb9) Importer(815301076,1909f56bfc062723c751e8b465ee728b)  -> (artifact id: '37dc41b1bab2ccdb75947f5fd74ddf1d') in 0.022317 seconds
  Import took 0.027758 seconds .

========================================================================
Received Import Request.
  Time since last request: 0.000267 seconds.
  path: Assets/Swordsman/Animations/turn right.fbx
  artifactKey: Guid(28417acd08c26da46b489476712ec5b7) Importer(815301076,1909f56bfc062723c751e8b465ee728b)
Start importing Assets/Swordsman/Animations/turn right.fbx using Guid(28417acd08c26da46b489476712ec5b7) Importer(815301076,1909f56bfc062723c751e8b465ee728b)  -> (artifact id: '058e3e8ef77cc646b240701044808567') in 0.015229 seconds
  Import took 0.019062 seconds .

AssetImportWorkerClient::OnTransportError - code=2 error=End of file
